app/api/admin/expenses/route.ts(70,45): error TS2349: This expression is not callable.
  Each member of the union type '{ <ResultDoc = any>(filter: ObjectId | FilterQuery<Record<string, any>> | Query<any, any, {}, unknown, "find", Record<string, never>>, projection: ProjectionType<...>, options: QueryOptions<...> & ... 1 more ... & Abortable): Query<...>; <ResultDoc = any>(filter: ObjectId | ... 1 more ... | Query<...>, projection?: ...' has signatures, but none of those signatures are compatible with each other.
app/api/admin/expenses/route.ts(109,52): error TS2349: This expression is not callable.
  Each member of the union type '{ <ResultDoc = any>(filter: ObjectId | FilterQuery<Record<string, any>> | Query<any, any, {}, unknown, "find", Record<string, never>>, projection: ProjectionType<...>, options: QueryOptions<...> & ... 1 more ... & Abortable): Query<...>; <ResultDoc = any>(filter?: ObjectId | ... 1 more ... | Query<...>, projection?:...' has signatures, but none of those signatures are compatible with each other.
app/api/admin/expenses/route.ts(124,42): error TS2349: This expression is not callable.
  Each member of the union type '{ <ResultDoc = any>(filter: ObjectId | FilterQuery<Record<string, any>> | Query<any, any, {}, unknown, "find", Record<string, never>>, update: UpdateQuery<...>, options: QueryOptions<...> & { ...; }): Query<...>; <ResultDoc = any>(filter: ObjectId | ... 1 more ... | Query<...>, update: UpdateQuery<...>, options: Que...' has signatures, but none of those signatures are compatible with each other.
app/api/admin/expenses/route.ts(131,42): error TS2349: This expression is not callable.
  Each member of the union type '{ <DocContents = AnyKeys<any>>(docs: any[], options: CreateOptions & { aggregateErrors: true; }): Promise<any[]>; <DocContents = AnyKeys<any>>(docs: any[], options?: CreateOptions): Promise<...>; <DocContents = AnyKeys<...>>(doc: any): Promise<...>; <DocContents = AnyKeys<...>>(...docs: any[]): Promise<...>; } | { ....' has signatures, but none of those signatures are compatible with each other.
app/api/admin/expenses/route.ts(141,58): error TS2349: This expression is not callable.
  Each member of the union type '{ <ResultDoc = any>(filter: ObjectId | FilterQuery<Record<string, any>> | Query<any, any, {}, unknown, "find", Record<string, never>>, projection: ProjectionType<...>, options: QueryOptions<...> & ... 1 more ... & Abortable): Query<...>; <ResultDoc = any>(filter?: ObjectId | ... 1 more ... | Query<...>, projection?:...' has signatures, but none of those signatures are compatible with each other.
app/api/admin/expenses/route.ts(160,49): error TS2349: This expression is not callable.
  Each member of the union type '{ <ResultDoc = any>(filter: ObjectId | FilterQuery<Record<string, any>> | Query<any, any, {}, unknown, "find", Record<string, never>>, projection: ProjectionType<...>, options: QueryOptions<...> & ... 1 more ... & Abortable): Query<...>; <ResultDoc = any>(filter?: ObjectId | ... 1 more ... | Query<...>, projection?:...' has signatures, but none of those signatures are compatible with each other.
app/api/admin/expenses/route.ts(181,40): error TS2349: This expression is not callable.
  Each member of the union type '{ <DocContents = AnyKeys<any>>(docs: any[], options: CreateOptions & { aggregateErrors: true; }): Promise<any[]>; <DocContents = AnyKeys<any>>(docs: any[], options?: CreateOptions): Promise<...>; <DocContents = AnyKeys<...>>(doc: any): Promise<...>; <DocContents = AnyKeys<...>>(...docs: any[]): Promise<...>; } | { ....' has signatures, but none of those signatures are compatible with each other.
app/api/admin/expenses/route.ts(201,58): error TS2349: This expression is not callable.
  Each member of the union type '{ <DocContents = AnyKeys<any>>(docs: any[], options: CreateOptions & { aggregateErrors: true; }): Promise<any[]>; <DocContents = AnyKeys<any>>(docs: any[], options?: CreateOptions): Promise<...>; <DocContents = AnyKeys<...>>(doc: any): Promise<...>; <DocContents = AnyKeys<...>>(...docs: any[]): Promise<...>; } | { ....' has signatures, but none of those signatures are compatible with each other.
app/api/admin/expenses/route.ts(220,40): error TS2349: This expression is not callable.
  Each member of the union type '{ <DocContents = AnyKeys<any>>(docs: any[], options: CreateOptions & { aggregateErrors: true; }): Promise<any[]>; <DocContents = AnyKeys<any>>(docs: any[], options?: CreateOptions): Promise<...>; <DocContents = AnyKeys<...>>(doc: any): Promise<...>; <DocContents = AnyKeys<...>>(...docs: any[]): Promise<...>; } | { ....' has signatures, but none of those signatures are compatible with each other.
app/api/admin/expenses/route.ts(265,51): error TS2349: This expression is not callable.
  Each member of the union type '{ <ResultDoc = any>(id: any, options: QueryOptions<any> & { lean: true; }): Query<(FlattenMaps<any> & Required<{ _id: unknown; }> & { __v: number; })[] | (FlattenMaps<any> & Required<...> & { ...; }), ... 4 more ..., {}>; <ResultDoc = any>(id: any, options: QueryOptions<...> & { ...; }): Query<...>; <ResultDoc = any...' has signatures, but none of those signatures are compatible with each other.
app/api/admin/floors/route.ts(27,36): error TS2349: This expression is not callable.
  Each member of the union type '{ <ResultDoc = any>(filter: ObjectId | FilterQuery<Record<string, any>> | Query<any, any, {}, unknown, "find", Record<string, never>>, projection: ProjectionType<...>, options: QueryOptions<...> & ... 1 more ... & Abortable): Query<...>; <ResultDoc = any>(filter: ObjectId | ... 1 more ... | Query<...>, projection?: ...' has signatures, but none of those signatures are compatible with each other.
app/api/admin/floors/route.ts(45,35): error TS2349: This expression is not callable.
  Each member of the union type '{ <DocContents = AnyKeys<any>>(docs: any[], options: CreateOptions & { aggregateErrors: true; }): Promise<any[]>; <DocContents = AnyKeys<any>>(docs: any[], options?: CreateOptions): Promise<...>; <DocContents = AnyKeys<...>>(doc: any): Promise<...>; <DocContents = AnyKeys<...>>(...docs: any[]): Promise<...>; } | { ....' has signatures, but none of those signatures are compatible with each other.
app/api/admin/floors/route.ts(63,42): error TS2349: This expression is not callable.
  Each member of the union type '{ <ResultDoc = any>(filter: ObjectId | FilterQuery<Record<string, any>> | Query<any, any, {}, unknown, "find", Record<string, never>>, update: UpdateQuery<...>, options: QueryOptions<...> & { ...; }): Query<...>; <ResultDoc = any>(id: any, update: UpdateQuery<...>, options: QueryOptions<...> & { ...; }): Query<...>;...' has signatures, but none of those signatures are compatible with each other.
app/api/admin/floors/route.ts(93,21): error TS2349: This expression is not callable.
  Each member of the union type '{ <ResultDoc = any>(id: any, options: QueryOptions<any> & { lean: true; }): Query<(FlattenMaps<any> & Required<{ _id: unknown; }> & { __v: number; })[] | (FlattenMaps<any> & Required<...> & { ...; }), ... 4 more ..., {}>; <ResultDoc = any>(id: any, options: QueryOptions<...> & { ...; }): Query<...>; <ResultDoc = any...' has signatures, but none of those signatures are compatible with each other.
app/api/admin/menu/[id]/route.ts(36,41): error TS2349: This expression is not callable.
  Each member of the union type '{ <ResultDoc = any>(id: any, projection: ProjectionType<any>, options: QueryOptions<any> & { lean: true; }): Query<(FlattenMaps<any> & Required<{ _id: unknown; }> & { ...; })[] | (FlattenMaps<...> & ... 1 more ... & { ...; }), ... 4 more ..., {}>; <ResultDoc = any>(id: any, projection?: ProjectionType<...>, options?...' has signatures, but none of those signatures are compatible with each other.
app/api/admin/menu/[id]/route.ts(52,41): error TS2349: This expression is not callable.
  Each member of the union type '{ <ResultDoc = any>(filter: ObjectId | FilterQuery<Record<string, any>> | Query<any, any, {}, unknown, "find", Record<string, never>>, projection: ProjectionType<...>, options: QueryOptions<...> & ... 1 more ... & Abortable): Query<...>; <ResultDoc = any>(filter: ObjectId | ... 1 more ... | Query<...>, projection?: ...' has signatures, but none of those signatures are compatible with each other.
app/api/admin/menu/[id]/route.ts(78,28): error TS2349: This expression is not callable.
  Each member of the union type '{ <ResultDoc = any>(filter: ObjectId | FilterQuery<Record<string, any>> | Query<any, any, {}, unknown, "find", Record<string, never>>, update: UpdateWithAggregationPipeline | UpdateQuery<...>, options?: UpdateOptions & MongooseUpdateQueryOptions<...>): Query<...>; <ResultDoc = any>(update: UpdateWithAggregationPipel...' has signatures, but none of those signatures are compatible with each other.
app/api/admin/menu/[id]/route.ts(87,28): error TS2349: This expression is not callable.
  Each member of the union type '{ <ResultDoc = any>(filter: ObjectId | FilterQuery<Record<string, any>> | Query<any, any, {}, unknown, "find", Record<string, never>>, update: UpdateWithAggregationPipeline | UpdateQuery<...>, options?: UpdateOptions & MongooseUpdateQueryOptions<...>): Query<...>; <ResultDoc = any>(update: UpdateWithAggregationPipel...' has signatures, but none of those signatures are compatible with each other.
app/api/admin/menu/[id]/route.ts(96,22): error TS2349: This expression is not callable.
  Each member of the union type '{ <DocContents = AnyKeys<any>>(docs: any[], options: CreateOptions & { aggregateErrors: true; }): Promise<any[]>; <DocContents = AnyKeys<any>>(docs: any[], options?: CreateOptions): Promise<...>; <DocContents = AnyKeys<...>>(doc: any): Promise<...>; <DocContents = AnyKeys<...>>(...docs: any[]): Promise<...>; } | { ....' has signatures, but none of those signatures are compatible with each other.
app/api/admin/menu/[id]/route.ts(145,37): error TS2349: This expression is not callable.
  Each member of the union type '{ <ResultDoc = any>(filter: ObjectId | FilterQuery<Record<string, any>> | Query<any, any, {}, unknown, "find", Record<string, never>>, update: UpdateQuery<...>, options: QueryOptions<...> & { ...; }): Query<...>; <ResultDoc = any>(id: any, update: UpdateQuery<...>, options: QueryOptions<...> & { ...; }): Query<...>;...' has signatures, but none of those signatures are compatible with each other.
app/api/admin/menu/[id]/route.ts(160,45): error TS2349: This expression is not callable.
  Each member of the union type '{ <ResultDoc = any>(id: any, projection: ProjectionType<any>, options: QueryOptions<any> & { lean: true; }): Query<(FlattenMaps<any> & Required<{ _id: unknown; }> & { ...; })[] | (FlattenMaps<...> & ... 1 more ... & { ...; }), ... 4 more ..., {}>; <ResultDoc = any>(id: any, projection?: ProjectionType<...>, options?...' has signatures, but none of those signatures are compatible with each other.
app/api/admin/menu/[id]/route.ts(207,37): error TS2349: This expression is not callable.
  Each member of the union type '{ <ResultDoc = any>(id: any, options: QueryOptions<any> & { lean: true; }): Query<(FlattenMaps<any> & Required<{ _id: unknown; }> & { __v: number; })[] | (FlattenMaps<any> & Required<...> & { ...; }), ... 4 more ..., {}>; <ResultDoc = any>(id: any, options: QueryOptions<...> & { ...; }): Query<...>; <ResultDoc = any...' has signatures, but none of those signatures are compatible with each other.
app/api/admin/menu/[id]/route.ts(216,39): error TS2349: This expression is not callable.
  Each member of the union type '{ <ResultDoc = any>(filter: ObjectId | FilterQuery<Record<string, any>> | Query<any, any, {}, unknown, "find", Record<string, never>>, projection: ProjectionType<...>, options: QueryOptions<...> & ... 1 more ... & Abortable): Query<...>; <ResultDoc = any>(filter: ObjectId | ... 1 more ... | Query<...>, projection?: ...' has signatures, but none of those signatures are compatible with each other.
app/api/admin/menu/[id]/route.ts(225,24): error TS2349: This expression is not callable.
  Each member of the union type '{ <ResultDoc = any>(filter: ObjectId | FilterQuery<Record<string, any>> | Query<any, any, {}, unknown, "find", Record<string, never>>, update: UpdateWithAggregationPipeline | UpdateQuery<...>, options?: UpdateOptions & MongooseUpdateQueryOptions<...>): Query<...>; <ResultDoc = any>(update: UpdateWithAggregationPipel...' has signatures, but none of those signatures are compatible with each other.
app/api/admin/menu/[id]/route.ts(234,24): error TS2349: This expression is not callable.
  Each member of the union type '{ <ResultDoc = any>(filter: ObjectId | FilterQuery<Record<string, any>> | Query<any, any, {}, unknown, "find", Record<string, never>>, update: UpdateWithAggregationPipeline | UpdateQuery<...>, options?: UpdateOptions & MongooseUpdateQueryOptions<...>): Query<...>; <ResultDoc = any>(update: UpdateWithAggregationPipel...' has signatures, but none of those signatures are compatible with each other.
app/api/admin/menu/normalize/route.ts(17,42): error TS2349: This expression is not callable.
  Each member of the union type '{ <ResultDoc = any>(filter: ObjectId | FilterQuery<Record<string, any>> | Query<any, any, {}, unknown, "find", Record<string, never>>, projection: ProjectionType<...>, options: QueryOptions<...> & ... 1 more ... & Abortable): Query<...>; <ResultDoc = any>(filter: ObjectId | ... 1 more ... | Query<...>, projection?: ...' has signatures, but none of those signatures are compatible with each other.
app/api/admin/menu/normalize/route.ts(35,28): error TS2349: This expression is not callable.
  Each member of the union type '{ <ResultDoc = any>(filter: ObjectId | FilterQuery<Record<string, any>> | Query<any, any, {}, unknown, "find", Record<string, never>>, update: UpdateWithAggregationPipeline | UpdateQuery<...>, options?: UpdateOptions & MongooseUpdateQueryOptions<...>): Query<...>; <ResultDoc = any>(update: UpdateWithAggregationPipel...' has signatures, but none of those signatures are compatible with each other.
app/api/admin/menu/normalize/route.ts(45,28): error TS2349: This expression is not callable.
  Each member of the union type '{ <ResultDoc = any>(filter: ObjectId | FilterQuery<Record<string, any>> | Query<any, any, {}, unknown, "find", Record<string, never>>, update: UpdateWithAggregationPipeline | UpdateQuery<...>, options?: UpdateOptions & MongooseUpdateQueryOptions<...>): Query<...>; <ResultDoc = any>(update: UpdateWithAggregationPipel...' has signatures, but none of those signatures are compatible with each other.
app/api/admin/menu/route.ts(20,38): error TS2349: This expression is not callable.
  Each member of the union type '{ <ResultDoc = any>(filter: ObjectId | FilterQuery<Record<string, any>> | Query<any, any, {}, unknown, "find", Record<string, never>>, projection: ProjectionType<...>, options: QueryOptions<...> & ... 1 more ... & Abortable): Query<...>; <ResultDoc = any>(filter: ObjectId | ... 1 more ... | Query<...>, projection?: ...' has signatures, but none of those signatures are compatible with each other.
app/api/admin/menu/route.ts(65,39): error TS2349: This expression is not callable.
  Each member of the union type '{ <ResultDoc = any>(filter: ObjectId | FilterQuery<Record<string, any>> | Query<any, any, {}, unknown, "find", Record<string, never>>, projection: ProjectionType<...>, options: QueryOptions<...> & ... 1 more ... & Abortable): Query<...>; <ResultDoc = any>(filter: ObjectId | ... 1 more ... | Query<...>, projection?: ...' has signatures, but none of those signatures are compatible with each other.
app/api/admin/menu/route.ts(86,39): error TS2349: This expression is not callable.
  Each member of the union type '{ <ResultDoc = any>(filter: ObjectId | FilterQuery<Record<string, any>> | Query<any, any, {}, unknown, "find", Record<string, never>>, projection: ProjectionType<...>, options: QueryOptions<...> & ... 1 more ... & Abortable): Query<...>; <ResultDoc = any>(filter: ObjectId | ... 1 more ... | Query<...>, projection?: ...' has signatures, but none of those signatures are compatible with each other.
app/api/admin/menu/route.ts(98,24): error TS2349: This expression is not callable.
  Each member of the union type '{ <ResultDoc = any>(filter: ObjectId | FilterQuery<Record<string, any>> | Query<any, any, {}, unknown, "find", Record<string, never>>, update: UpdateWithAggregationPipeline | UpdateQuery<...>, options?: UpdateOptions & MongooseUpdateQueryOptions<...>): Query<...>; <ResultDoc = any>(update: UpdateWithAggregationPipel...' has signatures, but none of those signatures are compatible with each other.
app/api/admin/menu/route.ts(108,24): error TS2349: This expression is not callable.
  Each member of the union type '{ <ResultDoc = any>(filter: ObjectId | FilterQuery<Record<string, any>> | Query<any, any, {}, unknown, "find", Record<string, never>>, update: UpdateWithAggregationPipeline | UpdateQuery<...>, options?: UpdateOptions & MongooseUpdateQueryOptions<...>): Query<...>; <ResultDoc = any>(update: UpdateWithAggregationPipel...' has signatures, but none of those signatures are compatible with each other.
app/api/admin/menu/swap/route.ts(23,38): error TS2349: This expression is not callable.
  Each member of the union type '{ <ResultDoc = any>(filter: ObjectId | FilterQuery<Record<string, any>> | Query<any, any, {}, unknown, "find", Record<string, never>>, projection: ProjectionType<...>, options: QueryOptions<...> & ... 1 more ... & Abortable): Query<...>; <ResultDoc = any>(filter?: ObjectId | ... 1 more ... | Query<...>, projection?:...' has signatures, but none of those signatures are compatible with each other.
app/api/admin/menu/swap/route.ts(24,38): error TS2349: This expression is not callable.
  Each member of the union type '{ <ResultDoc = any>(filter: ObjectId | FilterQuery<Record<string, any>> | Query<any, any, {}, unknown, "find", Record<string, never>>, projection: ProjectionType<...>, options: QueryOptions<...> & ... 1 more ... & Abortable): Query<...>; <ResultDoc = any>(filter?: ObjectId | ... 1 more ... | Query<...>, projection?:...' has signatures, but none of those signatures are compatible with each other.
app/api/admin/menu/swap/route.ts(34,24): error TS2349: This expression is not callable.
  Each member of the union type '{ <ResultDoc = any>(filter: ObjectId | FilterQuery<Record<string, any>> | Query<any, any, {}, unknown, "find", Record<string, never>>, update: UpdateWithAggregationPipeline | UpdateQuery<...>, options?: UpdateOptions & MongooseUpdateQueryOptions<...>): Query<...>; <ResultDoc = any>(update: UpdateWithAggregationPipel...' has signatures, but none of those signatures are compatible with each other.
app/api/admin/menu/swap/route.ts(37,24): error TS2349: This expression is not callable.
  Each member of the union type '{ <ResultDoc = any>(filter: ObjectId | FilterQuery<Record<string, any>> | Query<any, any, {}, unknown, "find", Record<string, never>>, update: UpdateWithAggregationPipeline | UpdateQuery<...>, options?: UpdateOptions & MongooseUpdateQueryOptions<...>): Query<...>; <ResultDoc = any>(update: UpdateWithAggregationPipel...' has signatures, but none of those signatures are compatible with each other.
app/api/admin/menu/swap/route.ts(40,24): error TS2349: This expression is not callable.
  Each member of the union type '{ <ResultDoc = any>(filter: ObjectId | FilterQuery<Record<string, any>> | Query<any, any, {}, unknown, "find", Record<string, never>>, update: UpdateWithAggregationPipeline | UpdateQuery<...>, options?: UpdateOptions & MongooseUpdateQueryOptions<...>): Query<...>; <ResultDoc = any>(update: UpdateWithAggregationPipel...' has signatures, but none of those signatures are compatible with each other.
app/api/admin/settings/route.ts(17,37): error TS2349: This expression is not callable.
  Each member of the union type '{ <ResultDoc = any>(filter: ObjectId | FilterQuery<Record<string, any>> | Query<any, any, {}, unknown, "find", Record<string, never>>, projection: ProjectionType<...>, options: QueryOptions<...> & ... 1 more ... & Abortable): Query<...>; <ResultDoc = any>(filter: ObjectId | ... 1 more ... | Query<...>, projection?: ...' has signatures, but none of those signatures are compatible with each other.
app/api/admin/settings/route.ts(56,36): error TS2349: This expression is not callable.
  Each member of the union type '{ <ResultDoc = any>(filter: ObjectId | FilterQuery<Record<string, any>> | Query<any, any, {}, unknown, "find", Record<string, never>>, update: UpdateQuery<...>, options: QueryOptions<...> & { ...; }): Query<...>; <ResultDoc = any>(filter: ObjectId | ... 1 more ... | Query<...>, update: UpdateQuery<...>, options: Que...' has signatures, but none of those signatures are compatible with each other.
app/api/admin/tables/route.ts(9,36): error TS2349: This expression is not callable.
  Each member of the union type '{ <ResultDoc = any>(filter: ObjectId | FilterQuery<Record<string, any>> | Query<any, any, {}, unknown, "find", Record<string, never>>, projection: ProjectionType<...>, options: QueryOptions<...> & ... 1 more ... & Abortable): Query<...>; <ResultDoc = any>(filter: ObjectId | ... 1 more ... | Query<...>, projection?: ...' has signatures, but none of those signatures are compatible with each other.
app/api/admin/tables/route.ts(30,38): error TS2349: This expression is not callable.
  Each member of the union type '{ <ResultDoc = any>(filter: ObjectId | FilterQuery<Record<string, any>> | Query<any, any, {}, unknown, "find", Record<string, never>>, projection: ProjectionType<...>, options: QueryOptions<...> & ... 1 more ... & Abortable): Query<...>; <ResultDoc = any>(filter?: ObjectId | ... 1 more ... | Query<...>, projection?:...' has signatures, but none of those signatures are compatible with each other.
app/api/admin/tables/route.ts(35,35): error TS2349: This expression is not callable.
  Each member of the union type '{ <DocContents = AnyKeys<any>>(docs: any[], options: CreateOptions & { aggregateErrors: true; }): Promise<any[]>; <DocContents = AnyKeys<any>>(docs: any[], options?: CreateOptions): Promise<...>; <DocContents = AnyKeys<...>>(doc: any): Promise<...>; <DocContents = AnyKeys<...>>(...docs: any[]): Promise<...>; } | { ....' has signatures, but none of those signatures are compatible with each other.
app/api/admin/tables/route.ts(57,38): error TS2349: This expression is not callable.
  Each member of the union type '{ <ResultDoc = any>(filter: ObjectId | FilterQuery<Record<string, any>> | Query<any, any, {}, unknown, "find", Record<string, never>>, projection: ProjectionType<...>, options: QueryOptions<...> & ... 1 more ... & Abortable): Query<...>; <ResultDoc = any>(filter?: ObjectId | ... 1 more ... | Query<...>, projection?:...' has signatures, but none of those signatures are compatible with each other.
app/api/admin/tables/route.ts(62,42): error TS2349: This expression is not callable.
  Each member of the union type '{ <ResultDoc = any>(filter: ObjectId | FilterQuery<Record<string, any>> | Query<any, any, {}, unknown, "find", Record<string, never>>, update: UpdateQuery<...>, options: QueryOptions<...> & { ...; }): Query<...>; <ResultDoc = any>(id: any, update: UpdateQuery<...>, options: QueryOptions<...> & { ...; }): Query<...>;...' has signatures, but none of those signatures are compatible with each other.
app/api/admin/tables/route.ts(91,21): error TS2349: This expression is not callable.
  Each member of the union type '{ <ResultDoc = any>(id: any, options: QueryOptions<any> & { lean: true; }): Query<(FlattenMaps<any> & Required<{ _id: unknown; }> & { __v: number; })[] | (FlattenMaps<any> & Required<...> & { ...; }), ... 4 more ..., {}>; <ResultDoc = any>(id: any, options: QueryOptions<...> & { ...; }): Query<...>; <ResultDoc = any...' has signatures, but none of those signatures are compatible with each other.
app/api/analytics/business-intelligence/route.ts(17,13): error TS2349: This expression is not callable.
  Each member of the union type '{ <ResultDoc = any>(filter: ObjectId | FilterQuery<Record<string, any>> | Query<any, any, {}, unknown, "find", Record<string, never>>, projection: ProjectionType<...>, options: QueryOptions<...> & ... 1 more ... & Abortable): Query<...>; <ResultDoc = any>(filter: ObjectId | ... 1 more ... | Query<...>, projection?: ...' has signatures, but none of those signatures are compatible with each other.
app/api/analytics/business-intelligence/route.ts(18,20): error TS2349: This expression is not callable.
  Each member of the union type '{ <ResultDoc = any>(filter: ObjectId | FilterQuery<Record<string, any>> | Query<any, any, {}, unknown, "find", Record<string, never>>, projection: ProjectionType<...>, options: QueryOptions<...> & ... 1 more ... & Abortable): Query<...>; <ResultDoc = any>(filter: ObjectId | ... 1 more ... | Query<...>, projection?: ...' has signatures, but none of those signatures are compatible with each other.
app/api/analytics/inventory-insights/route.ts(13,34): error TS2349: This expression is not callable.
  Each member of the union type '{ <ResultDoc = any>(filter: ObjectId | FilterQuery<Record<string, any>> | Query<any, any, {}, unknown, "find", Record<string, never>>, projection: ProjectionType<...>, options: QueryOptions<...> & ... 1 more ... & Abortable): Query<...>; <ResultDoc = any>(filter: ObjectId | ... 1 more ... | Query<...>, projection?: ...' has signatures, but none of those signatures are compatible with each other.
app/api/analytics/real-time-metrics/route.ts(16,37): error TS2349: This expression is not callable.
  Each member of the union type '{ <ResultDoc = any>(filter: ObjectId | FilterQuery<Record<string, any>> | Query<any, any, {}, unknown, "find", Record<string, never>>, projection: ProjectionType<...>, options: QueryOptions<...> & ... 1 more ... & Abortable): Query<...>; <ResultDoc = any>(filter: ObjectId | ... 1 more ... | Query<...>, projection?: ...' has signatures, but none of those signatures are compatible with each other.
app/api/analytics/sales-forecasting/route.ts(16,38): error TS2349: This expression is not callable.
  Each member of the union type '{ <ResultDoc = any>(filter: ObjectId | FilterQuery<Record<string, any>> | Query<any, any, {}, unknown, "find", Record<string, never>>, projection: ProjectionType<...>, options: QueryOptions<...> & ... 1 more ... & Abortable): Query<...>; <ResultDoc = any>(filter: ObjectId | ... 1 more ... | Query<...>, projection?: ...' has signatures, but none of those signatures are compatible with each other.
app/api/auth/login/route.ts(28,29): error TS2349: This expression is not callable.
  Each member of the union type '{ <ResultDoc = Document<unknown, {}, IUser, {}, {}> & IUser & { _id: ObjectId; } & { __v: number; }>(filter: ObjectId | Query<any, any, {}, unknown, "find", Record<string, never>> | FilterQuery<...>, projection: ProjectionType<...>, options: QueryOptions<...> & ... 1 more ... & Abortable): Query<...>; <ResultDoc = D...' has signatures, but none of those signatures are compatible with each other.
app/api/auth/login/route.ts(49,33): error TS2349: This expression is not callable.
  Each member of the union type '{ <ResultDoc = any>(id: any, projection: ProjectionType<any>, options: QueryOptions<any> & { lean: true; }): Query<(FlattenMaps<any> & Required<{ _id: unknown; }> & { ...; })[] | (FlattenMaps<...> & ... 1 more ... & { ...; }), ... 4 more ..., {}>; <ResultDoc = any>(id: any, projection?: ProjectionType<...>, options?...' has signatures, but none of those signatures are compatible with each other.
app/api/business-metrics/route.ts(96,13): error TS2349: This expression is not callable.
  Each member of the union type '{ <ResultDoc = any>(filter: ObjectId | FilterQuery<Record<string, any>> | Query<any, any, {}, unknown, "find", Record<string, never>>, projection: ProjectionType<...>, options: QueryOptions<...> & ... 1 more ... & Abortable): Query<...>; <ResultDoc = any>(filter: ObjectId | ... 1 more ... | Query<...>, projection?: ...' has signatures, but none of those signatures are compatible with each other.
app/api/business-metrics/route.ts(97,13): error TS2349: This expression is not callable.
  Each member of the union type '{ <ResultDoc = any>(filter: ObjectId | FilterQuery<Record<string, any>> | Query<any, any, {}, unknown, "find", Record<string, never>>, projection: ProjectionType<...>, options: QueryOptions<...> & ... 1 more ... & Abortable): Query<...>; <ResultDoc = any>(filter: ObjectId | ... 1 more ... | Query<...>, projection?: ...' has signatures, but none of those signatures are compatible with each other.
app/api/business-metrics/route.ts(98,13): error TS2349: This expression is not callable.
  Each member of the union type '{ <ResultDoc = any>(filter: ObjectId | FilterQuery<Record<string, any>> | Query<any, any, {}, unknown, "find", Record<string, never>>, projection: ProjectionType<...>, options: QueryOptions<...> & ... 1 more ... & Abortable): Query<...>; <ResultDoc = any>(filter: ObjectId | ... 1 more ... | Query<...>, projection?: ...' has signatures, but none of those signatures are compatible with each other.
app/api/business-metrics/route.ts(99,13): error TS2349: This expression is not callable.
  Each member of the union type '{ <ResultDoc = any>(filter: ObjectId | FilterQuery<Record<string, any>> | Query<any, any, {}, unknown, "find", Record<string, never>>, projection: ProjectionType<...>, options: QueryOptions<...> & ... 1 more ... & Abortable): Query<...>; <ResultDoc = any>(filter: ObjectId | ... 1 more ... | Query<...>, projection?: ...' has signatures, but none of those signatures are compatible with each other.
app/api/business-metrics/route.ts(100,13): error TS2349: This expression is not callable.
  Each member of the union type '{ <ResultDoc = any>(filter: ObjectId | FilterQuery<Record<string, any>> | Query<any, any, {}, unknown, "find", Record<string, never>>, projection: ProjectionType<...>, options: QueryOptions<...> & ... 1 more ... & Abortable): Query<...>; <ResultDoc = any>(filter: ObjectId | ... 1 more ... | Query<...>, projection?: ...' has signatures, but none of those signatures are compatible with each other.
app/api/business-metrics/route.ts(101,16): error TS2349: This expression is not callable.
  Each member of the union type '{ <ResultDoc = any>(filter: ObjectId | FilterQuery<Record<string, any>> | Query<any, any, {}, unknown, "find", Record<string, never>>, projection: ProjectionType<...>, options: QueryOptions<...> & ... 1 more ... & Abortable): Query<...>; <ResultDoc = any>(filter: ObjectId | ... 1 more ... | Query<...>, projection?: ...' has signatures, but none of those signatures are compatible with each other.
app/api/business-metrics/route.ts(102,13): error TS2349: This expression is not callable.
  Each member of the union type '{ <ResultDoc = any>(filter: ObjectId | FilterQuery<Record<string, any>> | Query<any, any, {}, unknown, "find", Record<string, never>>, projection: ProjectionType<...>, options: QueryOptions<...> & ... 1 more ... & Abortable): Query<...>; <ResultDoc = any>(filter: ObjectId | ... 1 more ... | Query<...>, projection?: ...' has signatures, but none of those signatures are compatible with each other.
app/api/business-metrics/route.ts(103,20): error TS2349: This expression is not callable.
  Each member of the union type '{ <ResultDoc = any>(filter: ObjectId | FilterQuery<Record<string, any>> | Query<any, any, {}, unknown, "find", Record<string, never>>, projection: ProjectionType<...>, options: QueryOptions<...> & ... 1 more ... & Abortable): Query<...>; <ResultDoc = any>(filter: ObjectId | ... 1 more ... | Query<...>, projection?: ...' has signatures, but none of those signatures are compatible with each other.
app/api/business-metrics/route.ts(104,20): error TS2349: This expression is not callable.
  Each member of the union type '{ <ResultDoc = any>(filter: ObjectId | FilterQuery<Record<string, any>> | Query<any, any, {}, unknown, "find", Record<string, never>>, projection: ProjectionType<...>, options: QueryOptions<...> & ... 1 more ... & Abortable): Query<...>; <ResultDoc = any>(filter: ObjectId | ... 1 more ... | Query<...>, projection?: ...' has signatures, but none of those signatures are compatible with each other.
app/api/categories/[id]/route.ts(22,48): error TS2349: This expression is not callable.
  Each member of the union type '{ <ResultDoc = any>(id: any, options: QueryOptions<any> & { lean: true; }): Query<(FlattenMaps<any> & Required<{ _id: unknown; }> & { __v: number; })[] | (FlattenMaps<any> & Required<...> & { ...; }), ... 4 more ..., {}>; <ResultDoc = any>(id: any, options: QueryOptions<...> & { ...; }): Query<...>; <ResultDoc = any...' has signatures, but none of those signatures are compatible with each other.
app/api/categories/[id]/route.ts(53,48): error TS2349: This expression is not callable.
  Each member of the union type '{ <ResultDoc = any>(filter: ObjectId | FilterQuery<Record<string, any>> | Query<any, any, {}, unknown, "find", Record<string, never>>, update: UpdateQuery<...>, options: QueryOptions<...> & { ...; }): Query<...>; <ResultDoc = any>(id: any, update: UpdateQuery<...>, options: QueryOptions<...> & { ...; }): Query<...>;...' has signatures, but none of those signatures are compatible with each other.
app/api/categories/route.ts(16,43): error TS2349: This expression is not callable.
  Each member of the union type '{ <ResultDoc = any>(filter: ObjectId | FilterQuery<Record<string, any>> | Query<any, any, {}, unknown, "find", Record<string, never>>, projection: ProjectionType<...>, options: QueryOptions<...> & ... 1 more ... & Abortable): Query<...>; <ResultDoc = any>(filter: ObjectId | ... 1 more ... | Query<...>, projection?: ...' has signatures, but none of those signatures are compatible with each other.
app/api/create-admin/route.ts(11,38): error TS2349: This expression is not callable.
  Each member of the union type '{ <ResultDoc = Document<unknown, {}, IUser, {}, {}> & IUser & { _id: ObjectId; } & { __v: number; }>(filter: ObjectId | Query<any, any, {}, unknown, "find", Record<string, never>> | FilterQuery<...>, projection: ProjectionType<...>, options: QueryOptions<...> & ... 1 more ... & Abortable): Query<...>; <ResultDoc = D...' has signatures, but none of those signatures are compatible with each other.
app/api/debug-data/route.ts(11,36): error TS2349: This expression is not callable.
  Each member of the union type '{ <ResultDoc = any>(filter: ObjectId | FilterQuery<Record<string, any>> | Query<any, any, {}, unknown, "find", Record<string, never>>, projection: ProjectionType<...>, options: QueryOptions<...> & ... 1 more ... & Abortable): Query<...>; <ResultDoc = any>(filter: ObjectId | ... 1 more ... | Query<...>, projection?: ...' has signatures, but none of those signatures are compatible with each other.
app/api/debug-data/route.ts(12,36): error TS2349: This expression is not callable.
  Each member of the union type '{ <ResultDoc = any>(filter: ObjectId | FilterQuery<Record<string, any>> | Query<any, any, {}, unknown, "find", Record<string, never>>, projection: ProjectionType<...>, options: QueryOptions<...> & ... 1 more ... & Abortable): Query<...>; <ResultDoc = any>(filter: ObjectId | ... 1 more ... | Query<...>, projection?: ...' has signatures, but none of those signatures are compatible with each other.
app/api/debug-data/route.ts(13,34): error TS2349: This expression is not callable.
  Each member of the union type '{ <ResultDoc = Document<unknown, {}, IUser, {}, {}> & IUser & { _id: ObjectId; } & { __v: number; }>(filter: ObjectId | Query<any, any, {}, unknown, "find", Record<string, never>> | FilterQuery<...>, projection: ProjectionType<...>, options: QueryOptions<...> & ... 1 more ... & Abortable): Query<...>; <ResultDoc = D...' has signatures, but none of those signatures are compatible with each other.
app/api/expenses/route.ts(56,45): error TS2349: This expression is not callable.
  Each member of the union type '{ <ResultDoc = any>(filter: ObjectId | FilterQuery<Record<string, any>> | Query<any, any, {}, unknown, "find", Record<string, never>>, projection: ProjectionType<...>, options: QueryOptions<...> & ... 1 more ... & Abortable): Query<...>; <ResultDoc = any>(filter: ObjectId | ... 1 more ... | Query<...>, projection?: ...' has signatures, but none of those signatures are compatible with each other.
app/api/expenses/route.ts(89,51): error TS2349: This expression is not callable.
  Each member of the union type '{ <ResultDoc = any>(id: any, options: QueryOptions<any> & { lean: true; }): Query<(FlattenMaps<any> & Required<{ _id: unknown; }> & { __v: number; })[] | (FlattenMaps<any> & Required<...> & { ...; }), ... 4 more ..., {}>; <ResultDoc = any>(id: any, options: QueryOptions<...> & { ...; }): Query<...>; <ResultDoc = any...' has signatures, but none of those signatures are compatible with each other.
app/api/expenses/route.ts(124,52): error TS2349: This expression is not callable.
  Each member of the union type '{ <ResultDoc = any>(filter: ObjectId | FilterQuery<Record<string, any>> | Query<any, any, {}, unknown, "find", Record<string, never>>, projection: ProjectionType<...>, options: QueryOptions<...> & ... 1 more ... & Abortable): Query<...>; <ResultDoc = any>(filter?: ObjectId | ... 1 more ... | Query<...>, projection?:...' has signatures, but none of those signatures are compatible with each other.
app/api/expenses/route.ts(136,42): error TS2349: This expression is not callable.
  Each member of the union type '{ <ResultDoc = any>(filter: ObjectId | FilterQuery<Record<string, any>> | Query<any, any, {}, unknown, "find", Record<string, never>>, update: UpdateQuery<...>, options: QueryOptions<...> & { ...; }): Query<...>; <ResultDoc = any>(filter: ObjectId | ... 1 more ... | Query<...>, update: UpdateQuery<...>, options: Que...' has signatures, but none of those signatures are compatible with each other.
app/api/expenses/route.ts(143,42): error TS2349: This expression is not callable.
  Each member of the union type '{ <DocContents = AnyKeys<any>>(docs: any[], options: CreateOptions & { aggregateErrors: true; }): Promise<any[]>; <DocContents = AnyKeys<any>>(docs: any[], options?: CreateOptions): Promise<...>; <DocContents = AnyKeys<...>>(doc: any): Promise<...>; <DocContents = AnyKeys<...>>(...docs: any[]): Promise<...>; } | { ....' has signatures, but none of those signatures are compatible with each other.
app/api/expenses/route.ts(150,33): error TS2349: This expression is not callable.
  Each member of the union type '{ <ResultDoc = any>(filter: ObjectId | FilterQuery<Record<string, any>> | Query<any, any, {}, unknown, "find", Record<string, never>>, update: UpdateQuery<...>, options: QueryOptions<...> & { ...; }): Query<...>; <ResultDoc = any>(filter: ObjectId | ... 1 more ... | Query<...>, update: UpdateQuery<...>, options: Que...' has signatures, but none of those signatures are compatible with each other.
app/api/fixed-assets/[id]/route.ts(21,40): error TS2349: This expression is not callable.
  Each member of the union type '{ <ResultDoc = any>(id: any, projection: ProjectionType<any>, options: QueryOptions<any> & { lean: true; }): Query<(FlattenMaps<any> & Required<{ _id: unknown; }> & { ...; })[] | (FlattenMaps<...> & ... 1 more ... & { ...; }), ... 4 more ..., {}>; <ResultDoc = any>(id: any, projection?: ProjectionType<...>, options?...' has signatures, but none of those signatures are compatible with each other.
app/api/fixed-assets/[id]/route.ts(97,42): error TS2349: This expression is not callable.
  Each member of the union type '{ <ResultDoc = any>(id: any, options: QueryOptions<any> & { lean: true; }): Query<(FlattenMaps<any> & Required<{ _id: unknown; }> & { __v: number; })[] | (FlattenMaps<any> & Required<...> & { ...; }), ... 4 more ..., {}>; <ResultDoc = any>(id: any, options: QueryOptions<...> & { ...; }): Query<...>; <ResultDoc = any...' has signatures, but none of those signatures are compatible with each other.
app/api/fixed-assets/route.ts(24,41): error TS2349: This expression is not callable.
  Each member of the union type '{ <ResultDoc = any>(filter: ObjectId | FilterQuery<Record<string, any>> | Query<any, any, {}, unknown, "find", Record<string, never>>, projection: ProjectionType<...>, options: QueryOptions<...> & ... 1 more ... & Abortable): Query<...>; <ResultDoc = any>(filter: ObjectId | ... 1 more ... | Query<...>, projection?: ...' has signatures, but none of those signatures are compatible with each other.
app/api/fixed-assets/route.ts(65,40): error TS2349: This expression is not callable.
  Each member of the union type '{ <DocContents = AnyKeys<any>>(docs: any[], options: CreateOptions & { aggregateErrors: true; }): Promise<any[]>; <DocContents = AnyKeys<any>>(docs: any[], options?: CreateOptions): Promise<...>; <DocContents = AnyKeys<...>>(doc: any): Promise<...>; <DocContents = AnyKeys<...>>(...docs: any[]): Promise<...>; } | { ....' has signatures, but none of those signatures are compatible with each other.
app/api/floors/route.ts(11,36): error TS2349: This expression is not callable.
  Each member of the union type '{ <ResultDoc = any>(filter: ObjectId | FilterQuery<Record<string, any>> | Query<any, any, {}, unknown, "find", Record<string, never>>, projection: ProjectionType<...>, options: QueryOptions<...> & ... 1 more ... & Abortable): Query<...>; <ResultDoc = any>(filter: ObjectId | ... 1 more ... | Query<...>, projection?: ...' has signatures, but none of those signatures are compatible with each other.
app/api/menu/route.ts(14,38): error TS2349: This expression is not callable.
  Each member of the union type '{ <ResultDoc = any>(filter: ObjectId | FilterQuery<Record<string, any>> | Query<any, any, {}, unknown, "find", Record<string, never>>, projection: ProjectionType<...>, options: QueryOptions<...> & ... 1 more ... & Abortable): Query<...>; <ResultDoc = any>(filter: ObjectId | ... 1 more ... | Query<...>, projection?: ...' has signatures, but none of those signatures are compatible with each other.
app/api/orders/[id]/route.ts(22,35): error TS2349: This expression is not callable.
  Each member of the union type '{ <ResultDoc = any>(id: any, projection: ProjectionType<any>, options: QueryOptions<any> & { lean: true; }): Query<(FlattenMaps<any> & Required<{ _id: unknown; }> & { ...; })[] | (FlattenMaps<...> & ... 1 more ... & { ...; }), ... 4 more ..., {}>; <ResultDoc = any>(id: any, projection?: ProjectionType<...>, options?...' has signatures, but none of those signatures are compatible with each other.
app/api/orders/[id]/route.ts(32,37): error TS2349: This expression is not callable.
  Each member of the union type '{ <ResultDoc = Document<unknown, {}, IUser, {}, {}> & IUser & { _id: ObjectId; } & { __v: number; }>(id: any, projection: ProjectionType<IUser>, options: QueryOptions<...> & { ...; }): Query<...>; <ResultDoc = Document<...> & ... 2 more ... & { ...; }>(id: any, projection?: ProjectionType<...>, options?: QueryOption...' has signatures, but none of those signatures are compatible with each other.
app/api/orders/[id]/route.ts(131,43): error TS2349: This expression is not callable.
  Each member of the union type '{ <ResultDoc = any>(id: any, projection: ProjectionType<any>, options: QueryOptions<any> & { lean: true; }): Query<(FlattenMaps<any> & Required<{ _id: unknown; }> & { ...; })[] | (FlattenMaps<...> & ... 1 more ... & { ...; }), ... 4 more ..., {}>; <ResultDoc = any>(id: any, projection?: ProjectionType<...>, options?...' has signatures, but none of those signatures are compatible with each other.
app/api/orders/[id]/route.ts(144,21): error TS2349: This expression is not callable.
  Each member of the union type '{ <ResultDoc = any>(id: any, options: QueryOptions<any> & { lean: true; }): Query<(FlattenMaps<any> & Required<{ _id: unknown; }> & { __v: number; })[] | (FlattenMaps<any> & Required<...> & { ...; }), ... 4 more ..., {}>; <ResultDoc = any>(id: any, options: QueryOptions<...> & { ...; }): Query<...>; <ResultDoc = any...' has signatures, but none of those signatures are compatible with each other.
app/api/orders/[id]/status/route.ts(21,39): error TS2349: This expression is not callable.
  Each member of the union type '{ <ResultDoc = any>(id: any, projection: ProjectionType<any>, options: QueryOptions<any> & { lean: true; }): Query<(FlattenMaps<any> & Required<{ _id: unknown; }> & { ...; })[] | (FlattenMaps<...> & ... 1 more ... & { ...; }), ... 4 more ..., {}>; <ResultDoc = any>(id: any, projection?: ProjectionType<...>, options?...' has signatures, but none of those signatures are compatible with each other.
app/api/orders/[id]/status/route.ts(31,31): error TS2349: This expression is not callable.
  Each member of the union type '{ <ResultDoc = Document<unknown, {}, IUser, {}, {}> & IUser & { _id: ObjectId; } & { __v: number; }>(id: any, projection: ProjectionType<IUser>, options: QueryOptions<...> & { ...; }): Query<...>; <ResultDoc = Document<...> & ... 2 more ... & { ...; }>(id: any, projection?: ProjectionType<...>, options?: QueryOption...' has signatures, but none of those signatures are compatible with each other.
app/api/orders/bulk-delete/route.ts(28,32): error TS2349: This expression is not callable.
  Each member of the union type '{ (filter?: ObjectId | FilterQuery<Record<string, any>> | Query<any, any, {}, unknown, "find", Record<string, never>>, options?: DeleteOptions & Pick<...> & { ...; }): Query<...>; (filter: ObjectId | ... 1 more ... | Query<...>): Query<...>; } | { ...; }' has signatures, but none of those signatures are compatible with each other.
app/api/orders/process/route.ts(25,45): error TS2349: This expression is not callable.
  Each member of the union type '{ <ResultDoc = any>(filter: ObjectId | FilterQuery<Record<string, any>> | Query<any, any, {}, unknown, "find", Record<string, never>>, projection: ProjectionType<...>, options: QueryOptions<...> & ... 1 more ... & Abortable): Query<...>; <ResultDoc = any>(filter?: ObjectId | ... 1 more ... | Query<...>, projection?:...' has signatures, but none of those signatures are compatible with each other.
app/api/orders/process/route.ts(114,29): error TS2349: This expression is not callable.
  Each member of the union type '{ <ResultDoc = any>(id: any, options: QueryOptions<any> & { lean: true; }): Query<(FlattenMaps<any> & Required<{ _id: unknown; }> & { __v: number; })[] | (FlattenMaps<any> & Required<...> & { ...; }), ... 4 more ..., {}>; <ResultDoc = any>(id: any, options: QueryOptions<...> & { ...; }): Query<...>; <ResultDoc = any...' has signatures, but none of those signatures are compatible with each other.
app/api/orders/process/route.ts(178,45): error TS2349: This expression is not callable.
  Each member of the union type '{ <ResultDoc = any>(filter: ObjectId | FilterQuery<Record<string, any>> | Query<any, any, {}, unknown, "find", Record<string, never>>, projection: ProjectionType<...>, options: QueryOptions<...> & ... 1 more ... & Abortable): Query<...>; <ResultDoc = any>(filter?: ObjectId | ... 1 more ... | Query<...>, projection?:...' has signatures, but none of those signatures are compatible with each other.
app/api/orders/route.ts(27,32): error TS2349: This expression is not callable.
  Each member of the union type '{ <ResultDoc = any>(filter: ObjectId | FilterQuery<Record<string, any>> | Query<any, any, {}, unknown, "find", Record<string, never>>, projection: ProjectionType<...>, options: QueryOptions<...> & ... 1 more ... & Abortable): Query<...>; <ResultDoc = any>(filter: ObjectId | ... 1 more ... | Query<...>, projection?: ...' has signatures, but none of those signatures are compatible with each other.
app/api/orders/route.ts(63,41): error TS2349: This expression is not callable.
  Each member of the union type '{ <ResultDoc = any>(filter: ObjectId | FilterQuery<Record<string, any>> | Query<any, any, {}, unknown, "find", Record<string, never>>, projection: ProjectionType<...>, options: QueryOptions<...> & ... 1 more ... & Abortable): Query<...>; <ResultDoc = any>(filter: ObjectId | ... 1 more ... | Query<...>, projection?: ...' has signatures, but none of those signatures are compatible with each other.
app/api/orders/route.ts(82,31): error TS2349: This expression is not callable.
  Each member of the union type '{ <ResultDoc = Document<unknown, {}, IUser, {}, {}> & IUser & { _id: ObjectId; } & { __v: number; }>(id: any, projection: ProjectionType<IUser>, options: QueryOptions<...> & { ...; }): Query<...>; <ResultDoc = Document<...> & ... 2 more ... & { ...; }>(id: any, projection?: ProjectionType<...>, options?: QueryOption...' has signatures, but none of those signatures are compatible with each other.
app/api/orders/route.ts(99,28): error TS2349: This expression is not callable.
  Each member of the union type '{ <ResultDoc = any>(filter: ObjectId | FilterQuery<Record<string, any>> | Query<any, any, {}, unknown, "find", Record<string, never>>, projection: ProjectionType<...>, options: QueryOptions<...> & ... 1 more ... & Abortable): Query<...>; <ResultDoc = any>(filter: ObjectId | ... 1 more ... | Query<...>, projection?: ...' has signatures, but none of those signatures are compatible with each other.
app/api/orders/route.ts(112,31): error TS2349: This expression is not callable.
  Each member of the union type '{ <ResultDoc = Document<unknown, {}, IUser, {}, {}> & IUser & { _id: ObjectId; } & { __v: number; }>(id: any, projection: ProjectionType<IUser>, options: QueryOptions<...> & { ...; }): Query<...>; <ResultDoc = Document<...> & ... 2 more ... & { ...; }>(id: any, projection?: ProjectionType<...>, options?: QueryOption...' has signatures, but none of those signatures are compatible with each other.
app/api/orders/route.ts(184,16): error TS2349: This expression is not callable.
  Each member of the union type '{ <ResultDoc = any>(filter: ObjectId | FilterQuery<Record<string, any>> | Query<any, any, {}, unknown, "find", Record<string, never>>, projection: ProjectionType<...>, options: QueryOptions<...> & ... 1 more ... & Abortable): Query<...>; <ResultDoc = any>(filter: ObjectId | ... 1 more ... | Query<...>, projection?: ...' has signatures, but none of those signatures are compatible with each other.
app/api/orders/route.ts(185,13): error TS2349: This expression is not callable.
  Each member of the union type '{ <ResultDoc = any>(filter: ObjectId | FilterQuery<Record<string, any>> | Query<any, any, {}, unknown, "find", Record<string, never>>, projection: ProjectionType<...>, options: QueryOptions<...> & ... 1 more ... & Abortable): Query<...>; <ResultDoc = any>(filter: ObjectId | ... 1 more ... | Query<...>, projection?: ...' has signatures, but none of those signatures are compatible with each other.
app/api/orders/route.ts(186,13): error TS2349: This expression is not callable.
  Each member of the union type '{ <ResultDoc = any>(filter: ObjectId | FilterQuery<Record<string, any>> | Query<any, any, {}, unknown, "find", Record<string, never>>, projection: ProjectionType<...>, options: QueryOptions<...> & ... 1 more ... & Abortable): Query<...>; <ResultDoc = any>(filter?: ObjectId | ... 1 more ... | Query<...>, projection?:...' has signatures, but none of those signatures are compatible with each other.
app/api/orders/route.ts(187,23): error TS2349: This expression is not callable.
  Each member of the union type '{ <ResultDoc = any>(id: any, projection: ProjectionType<any>, options: QueryOptions<any> & { lean: true; }): Query<(FlattenMaps<any> & Required<{ _id: unknown; }> & { ...; })[] | (FlattenMaps<...> & ... 1 more ... & { ...; }), ... 4 more ..., {}>; <ResultDoc = any>(id: any, projection?: ProjectionType<...>, options?...' has signatures, but none of those signatures are compatible with each other.
app/api/orders/route.ts(188,58): error TS2349: This expression is not callable.
  Each member of the union type '{ <ResultDoc = any>(filter: ObjectId | FilterQuery<Record<string, any>> | Query<any, any, {}, unknown, "find", Record<string, never>>, projection: ProjectionType<...>, options: QueryOptions<...> & ... 1 more ... & Abortable): Query<...>; <ResultDoc = any>(filter?: ObjectId | ... 1 more ... | Query<...>, projection?:...' has signatures, but none of those signatures are compatible with each other.
app/api/orders/route.ts(227,33): error TS2349: This expression is not callable.
  Each member of the union type '{ <ResultDoc = any>(id: any, projection: ProjectionType<any>, options: QueryOptions<any> & { lean: true; }): Query<(FlattenMaps<any> & Required<{ _id: unknown; }> & { ...; })[] | (FlattenMaps<...> & ... 1 more ... & { ...; }), ... 4 more ..., {}>; <ResultDoc = any>(id: any, projection?: ProjectionType<...>, options?...' has signatures, but none of those signatures are compatible with each other.
app/api/orders/route.ts(265,31): error TS2349: This expression is not callable.
  Each member of the union type '{ <DocContents = AnyKeys<any>>(docs: any[], options: CreateOptions & { aggregateErrors: true; }): Promise<any[]>; <DocContents = AnyKeys<any>>(docs: any[], options?: CreateOptions): Promise<...>; <DocContents = AnyKeys<...>>(doc: any): Promise<...>; <DocContents = AnyKeys<...>>(...docs: any[]): Promise<...>; } | { ....' has signatures, but none of those signatures are compatible with each other.
app/api/reports/comprehensive/route.ts(50,19): error TS2349: This expression is not callable.
  Each member of the union type '{ <ResultDoc = any>(filter: ObjectId | FilterQuery<Record<string, any>> | Query<any, any, {}, unknown, "find", Record<string, never>>, projection: ProjectionType<...>, options: QueryOptions<...> & ... 1 more ... & Abortable): Query<...>; <ResultDoc = any>(filter: ObjectId | ... 1 more ... | Query<...>, projection?: ...' has signatures, but none of those signatures are compatible with each other.
app/api/reports/comprehensive/route.ts(54,19): error TS2349: This expression is not callable.
  Each member of the union type '{ <ResultDoc = any>(filter: ObjectId | FilterQuery<Record<string, any>> | Query<any, any, {}, unknown, "find", Record<string, never>>, projection: ProjectionType<...>, options: QueryOptions<...> & ... 1 more ... & Abortable): Query<...>; <ResultDoc = any>(filter: ObjectId | ... 1 more ... | Query<...>, projection?: ...' has signatures, but none of those signatures are compatible with each other.
app/api/reports/comprehensive/route.ts(55,22): error TS2349: This expression is not callable.
  Each member of the union type '{ <ResultDoc = any>(filter: ObjectId | FilterQuery<Record<string, any>> | Query<any, any, {}, unknown, "find", Record<string, never>>, projection: ProjectionType<...>, options: QueryOptions<...> & ... 1 more ... & Abortable): Query<...>; <ResultDoc = any>(filter: ObjectId | ... 1 more ... | Query<...>, projection?: ...' has signatures, but none of those signatures are compatible with each other.
app/api/reports/comprehensive/route.ts(56,26): error TS2349: This expression is not callable.
  Each member of the union type '{ <ResultDoc = any>(filter: ObjectId | FilterQuery<Record<string, any>> | Query<any, any, {}, unknown, "find", Record<string, never>>, projection: ProjectionType<...>, options: QueryOptions<...> & ... 1 more ... & Abortable): Query<...>; <ResultDoc = any>(filter: ObjectId | ... 1 more ... | Query<...>, projection?: ...' has signatures, but none of those signatures are compatible with each other.
app/api/reports/comprehensive/route.ts(88,46): error TS2339: Property 'stockItemId' does not exist on type 'unknown'.
app/api/reports/comprehensive/route.ts(88,70): error TS2339: Property 'reportQuantity' does not exist on type 'unknown'.
app/api/reports/comprehensive/route.ts(89,95): error TS2339: Property 'stockItemId' does not exist on type 'unknown'.
app/api/reports/comprehensive/route.ts(91,61): error TS2339: Property 'reportQuantity' does not exist on type 'unknown'.
app/api/reports/comprehensive/route.ts(127,44): error TS2339: Property 'category' does not exist on type 'unknown'.
app/api/reports/sales/route.ts(77,39): error TS2349: This expression is not callable.
  Each member of the union type '{ <ResultDoc = any>(filter: ObjectId | FilterQuery<Record<string, any>> | Query<any, any, {}, unknown, "find", Record<string, never>>, projection: ProjectionType<...>, options: QueryOptions<...> & ... 1 more ... & Abortable): Query<...>; <ResultDoc = any>(filter: ObjectId | ... 1 more ... | Query<...>, projection?: ...' has signatures, but none of those signatures are compatible with each other.
app/api/reports/sales/route.ts(78,43): error TS2349: This expression is not callable.
  Each member of the union type '{ <ResultDoc = any>(filter: ObjectId | FilterQuery<Record<string, any>> | Query<any, any, {}, unknown, "find", Record<string, never>>, projection: ProjectionType<...>, options: QueryOptions<...> & ... 1 more ... & Abortable): Query<...>; <ResultDoc = any>(filter: ObjectId | ... 1 more ... | Query<...>, projection?: ...' has signatures, but none of those signatures are compatible with each other.
app/api/reports/sales/route.ts(97,50): error TS2349: This expression is not callable.
  Each member of the union type '{ <ResultDoc = any>(filter: ObjectId | FilterQuery<Record<string, any>> | Query<any, any, {}, unknown, "find", Record<string, never>>, projection: ProjectionType<...>, options: QueryOptions<...> & ... 1 more ... & Abortable): Query<...>; <ResultDoc = any>(filter: ObjectId | ... 1 more ... | Query<...>, projection?: ...' has signatures, but none of those signatures are compatible with each other.
app/api/reports/sales/route.ts(104,19): error TS2349: This expression is not callable.
  Each member of the union type '{ <ResultDoc = any>(filter: ObjectId | FilterQuery<Record<string, any>> | Query<any, any, {}, unknown, "find", Record<string, never>>, projection: ProjectionType<...>, options: QueryOptions<...> & ... 1 more ... & Abortable): Query<...>; <ResultDoc = any>(filter: ObjectId | ... 1 more ... | Query<...>, projection?: ...' has signatures, but none of those signatures are compatible with each other.
app/api/reports/sales/route.ts(105,19): error TS2349: This expression is not callable.
  Each member of the union type '{ <ResultDoc = any>(filter: ObjectId | FilterQuery<Record<string, any>> | Query<any, any, {}, unknown, "find", Record<string, never>>, projection: ProjectionType<...>, options: QueryOptions<...> & ... 1 more ... & Abortable): Query<...>; <ResultDoc = any>(filter: ObjectId | ... 1 more ... | Query<...>, projection?: ...' has signatures, but none of those signatures are compatible with each other.
app/api/reports/sales/route.ts(106,26): error TS2349: This expression is not callable.
  Each member of the union type '{ <ResultDoc = any>(filter: ObjectId | FilterQuery<Record<string, any>> | Query<any, any, {}, unknown, "find", Record<string, never>>, projection: ProjectionType<...>, options: QueryOptions<...> & ... 1 more ... & Abortable): Query<...>; <ResultDoc = any>(filter: ObjectId | ... 1 more ... | Query<...>, projection?: ...' has signatures, but none of those signatures are compatible with each other.
app/api/reports/stock-usage/route.ts(68,36): error TS2349: This expression is not callable.
  Each member of the union type '{ <ResultDoc = any>(filter: ObjectId | FilterQuery<Record<string, any>> | Query<any, any, {}, unknown, "find", Record<string, never>>, projection: ProjectionType<...>, options: QueryOptions<...> & ... 1 more ... & Abortable): Query<...>; <ResultDoc = any>(filter: ObjectId | ... 1 more ... | Query<...>, projection?: ...' has signatures, but none of those signatures are compatible with each other.
app/api/reports/stock-usage/route.ts(73,40): error TS2349: This expression is not callable.
  Each member of the union type '{ <ResultDoc = any>(filter: ObjectId | FilterQuery<Record<string, any>> | Query<any, any, {}, unknown, "find", Record<string, never>>, projection: ProjectionType<...>, options: QueryOptions<...> & ... 1 more ... & Abortable): Query<...>; <ResultDoc = any>(filter: ObjectId | ... 1 more ... | Query<...>, projection?: ...' has signatures, but none of those signatures are compatible with each other.
app/api/reports/stock-usage/route.ts(74,42): error TS2349: This expression is not callable.
  Each member of the union type '{ <ResultDoc = any>(filter: ObjectId | FilterQuery<Record<string, any>> | Query<any, any, {}, unknown, "find", Record<string, never>>, projection: ProjectionType<...>, options: QueryOptions<...> & ... 1 more ... & Abortable): Query<...>; <ResultDoc = any>(filter: ObjectId | ... 1 more ... | Query<...>, projection?: ...' has signatures, but none of those signatures are compatible with each other.
app/api/reports/stock-usage/route.ts(77,50): error TS2349: This expression is not callable.
  Each member of the union type '{ <ResultDoc = any>(filter: ObjectId | FilterQuery<Record<string, any>> | Query<any, any, {}, unknown, "find", Record<string, never>>, projection: ProjectionType<...>, options: QueryOptions<...> & ... 1 more ... & Abortable): Query<...>; <ResultDoc = any>(filter: ObjectId | ... 1 more ... | Query<...>, projection?: ...' has signatures, but none of those signatures are compatible with each other.
app/api/reports/stock-usage/route.ts(81,42): error TS2349: This expression is not callable.
  Each member of the union type '{ <ResultDoc = any>(filter: ObjectId | FilterQuery<Record<string, any>> | Query<any, any, {}, unknown, "find", Record<string, never>>, projection: ProjectionType<...>, options: QueryOptions<...> & ... 1 more ... & Abortable): Query<...>; <ResultDoc = any>(filter: ObjectId | ... 1 more ... | Query<...>, projection?: ...' has signatures, but none of those signatures are compatible with each other.
app/api/reports/stock-usage/route.ts(161,34): error TS2339: Property 'recipe' does not exist on type 'unknown'.
app/api/reports/stock-usage/route.ts(161,53): error TS2339: Property 'recipe' does not exist on type 'unknown'.
app/api/reports/stock-usage/route.ts(162,59): error TS2339: Property 'recipe' does not exist on type 'unknown'.
app/api/reports/stock-usage/route.ts(173,52): error TS2339: Property 'name' does not exist on type 'unknown'.
app/api/reports/stock-usage/route.ts(183,77): error TS2339: Property 'name' does not exist on type 'unknown'.
app/api/reports/stock-usage/route.ts(191,56): error TS2339: Property 'name' does not exist on type 'unknown'.
app/api/reports/stock-usage/route.ts(197,39): error TS2339: Property 'stockItemId' does not exist on type 'unknown'.
app/api/reports/stock-usage/route.ts(198,47): error TS2339: Property 'reportUnit' does not exist on type 'unknown'.
app/api/reports/stock-usage/route.ts(199,59): error TS2339: Property 'reportQuantity' does not exist on type 'unknown'.
app/api/reports/stock-usage/route.ts(205,52): error TS2339: Property 'name' does not exist on type 'unknown'.
app/api/reports/stock-usage/route.ts(213,50): error TS2339: Property 'stockItemId' does not exist on type 'unknown'.
app/api/reports/stock-usage/route.ts(215,73): error TS2339: Property 'name' does not exist on type 'unknown'.
app/api/reports/stock-usage/route.ts(226,62): error TS2339: Property 'name' does not exist on type 'unknown'.
app/api/settings/public/route.ts(12,43): error TS2349: This expression is not callable.
  Each member of the union type '{ <ResultDoc = any>(filter: ObjectId | FilterQuery<Record<string, any>> | Query<any, any, {}, unknown, "find", Record<string, never>>, projection: ProjectionType<...>, options: QueryOptions<...> & ... 1 more ... & Abortable): Query<...>; <ResultDoc = any>(filter: ObjectId | ... 1 more ... | Query<...>, projection?: ...' has signatures, but none of those signatures are compatible with each other.
app/api/stock/[id]/route.ts(17,39): error TS2349: This expression is not callable.
  Each member of the union type '{ <ResultDoc = any>(id: any, projection: ProjectionType<any>, options: QueryOptions<any> & { lean: true; }): Query<(FlattenMaps<any> & Required<{ _id: unknown; }> & { ...; })[] | (FlattenMaps<...> & ... 1 more ... & { ...; }), ... 4 more ..., {}>; <ResultDoc = any>(id: any, projection?: ProjectionType<...>, options?...' has signatures, but none of those signatures are compatible with each other.
app/api/stock/[id]/route.ts(61,39): error TS2349: This expression is not callable.
  Each member of the union type '{ <ResultDoc = any>(id: any, projection: ProjectionType<any>, options: QueryOptions<any> & { lean: true; }): Query<(FlattenMaps<any> & Required<{ _id: unknown; }> & { ...; })[] | (FlattenMaps<...> & ... 1 more ... & { ...; }), ... 4 more ..., {}>; <ResultDoc = any>(id: any, projection?: ProjectionType<...>, options?...' has signatures, but none of those signatures are compatible with each other.
app/api/stock/[id]/route.ts(82,28): error TS2349: This expression is not callable.
  Each member of the union type '{ <DocContents = AnyKeys<any>>(docs: any[], options: CreateOptions & { aggregateErrors: true; }): Promise<any[]>; <DocContents = AnyKeys<any>>(docs: any[], options?: CreateOptions): Promise<...>; <DocContents = AnyKeys<...>>(doc: any): Promise<...>; <DocContents = AnyKeys<...>>(...docs: any[]): Promise<...>; } | { ....' has signatures, but none of those signatures are compatible with each other.
app/api/stock/[id]/route.ts(166,42): error TS2349: This expression is not callable.
  Each member of the union type '{ <ResultDoc = any>(id: any, options: QueryOptions<any> & { lean: true; }): Query<(FlattenMaps<any> & Required<{ _id: unknown; }> & { __v: number; })[] | (FlattenMaps<any> & Required<...> & { ...; }), ... 4 more ..., {}>; <ResultDoc = any>(id: any, options: QueryOptions<...> & { ...; }): Query<...>; <ResultDoc = any...' has signatures, but none of those signatures are compatible with each other.
app/api/stock/convert/route.ts(22,40): error TS2349: This expression is not callable.
  Each member of the union type '{ <ResultDoc = any>(id: any, projection: ProjectionType<any>, options: QueryOptions<any> & { lean: true; }): Query<(FlattenMaps<any> & Required<{ _id: unknown; }> & { ...; })[] | (FlattenMaps<...> & ... 1 more ... & { ...; }), ... 4 more ..., {}>; <ResultDoc = any>(id: any, projection?: ProjectionType<...>, options?...' has signatures, but none of those signatures are compatible with each other.
app/api/stock/convert/route.ts(31,40): error TS2349: This expression is not callable.
  Each member of the union type '{ <ResultDoc = any>(id: any, projection: ProjectionType<any>, options: QueryOptions<any> & { lean: true; }): Query<(FlattenMaps<any> & Required<{ _id: unknown; }> & { ...; })[] | (FlattenMaps<...> & ... 1 more ... & { ...; }), ... 4 more ..., {}>; <ResultDoc = any>(id: any, projection?: ProjectionType<...>, options?...' has signatures, but none of those signatures are compatible with each other.
app/api/stock/reports/route.ts(54,40): error TS2349: This expression is not callable.
  Each member of the union type '{ <ResultDoc = any>(filter: ObjectId | FilterQuery<Record<string, any>> | Query<any, any, {}, unknown, "find", Record<string, never>>, projection: ProjectionType<...>, options: QueryOptions<...> & ... 1 more ... & Abortable): Query<...>; <ResultDoc = any>(filter: ObjectId | ... 1 more ... | Query<...>, projection?: ...' has signatures, but none of those signatures are compatible with each other.
app/api/stock/route.ts(34,32): error TS2349: This expression is not callable.
  Each member of the union type '{ <ResultDoc = any>(filter: ObjectId | FilterQuery<Record<string, any>> | Query<any, any, {}, unknown, "find", Record<string, never>>, projection: ProjectionType<...>, options: QueryOptions<...> & ... 1 more ... & Abortable): Query<...>; <ResultDoc = any>(filter: ObjectId | ... 1 more ... | Query<...>, projection?: ...' has signatures, but none of those signatures are compatible with each other.
app/api/stock/route.ts(119,28): error TS2349: This expression is not callable.
  Each member of the union type '{ <DocContents = AnyKeys<any>>(docs: any[], options: CreateOptions & { aggregateErrors: true; }): Promise<any[]>; <DocContents = AnyKeys<any>>(docs: any[], options?: CreateOptions): Promise<...>; <DocContents = AnyKeys<...>>(doc: any): Promise<...>; <DocContents = AnyKeys<...>>(...docs: any[]): Promise<...>; } | { ....' has signatures, but none of those signatures are compatible with each other.
app/api/store/transfer/route.ts(22,39): error TS2349: This expression is not callable.
  Each member of the union type '{ <ResultDoc = any>(id: any, projection: ProjectionType<any>, options: QueryOptions<any> & { lean: true; }): Query<(FlattenMaps<any> & Required<{ _id: unknown; }> & { ...; })[] | (FlattenMaps<...> & ... 1 more ... & { ...; }), ... 4 more ..., {}>; <ResultDoc = any>(id: any, projection?: ProjectionType<...>, options?...' has signatures, but none of those signatures are compatible with each other.
app/api/store/transfer/route.ts(45,24): error TS2349: This expression is not callable.
  Each member of the union type '{ <DocContents = AnyKeys<any>>(docs: any[], options: CreateOptions & { aggregateErrors: true; }): Promise<any[]>; <DocContents = AnyKeys<any>>(docs: any[], options?: CreateOptions): Promise<...>; <DocContents = AnyKeys<...>>(doc: any): Promise<...>; <DocContents = AnyKeys<...>>(...docs: any[]): Promise<...>; } | { ....' has signatures, but none of those signatures are compatible with each other.
app/api/system-check/route.ts(29,35): error TS2349: This expression is not callable.
  Each member of the union type '{ <ResultDoc = any>(filter: ObjectId | FilterQuery<Record<string, any>> | Query<any, any, {}, unknown, "find", Record<string, never>>, projection: ProjectionType<...>, options: QueryOptions<...> & ... 1 more ... & Abortable): Query<...>; <ResultDoc = any>(filter: ObjectId | ... 1 more ... | Query<...>, projection?: ...' has signatures, but none of those signatures are compatible with each other.
app/api/system-check/route.ts(38,32): error TS2349: This expression is not callable.
  Each member of the union type '{ <ResultDoc = Document<unknown, {}, IUser, {}, {}> & IUser & { _id: ObjectId; } & { __v: number; }>(filter: ObjectId | Query<any, any, {}, unknown, "find", Record<string, never>> | FilterQuery<...>, projection: ProjectionType<...>, options: QueryOptions<...> & ... 1 more ... & Abortable): Query<...>; <ResultDoc = D...' has signatures, but none of those signatures are compatible with each other.
app/api/system-check/route.ts(49,40): error TS2349: This expression is not callable.
  Each member of the union type '{ <ResultDoc = any>(filter: ObjectId | FilterQuery<Record<string, any>> | Query<any, any, {}, unknown, "find", Record<string, never>>, projection: ProjectionType<...>, options: QueryOptions<...> & ... 1 more ... & Abortable): Query<...>; <ResultDoc = any>(filter: ObjectId | ... 1 more ... | Query<...>, projection?: ...' has signatures, but none of those signatures are compatible with each other.
app/api/system-check/route.ts(60,39): error TS2349: This expression is not callable.
  Each member of the union type '{ <ResultDoc = any>(filter: ObjectId | FilterQuery<Record<string, any>> | Query<any, any, {}, unknown, "find", Record<string, never>>, projection: ProjectionType<...>, options: QueryOptions<...> & ... 1 more ... & Abortable): Query<...>; <ResultDoc = any>(filter: ObjectId | ... 1 more ... | Query<...>, projection?: ...' has signatures, but none of those signatures are compatible with each other.
app/api/system-check/route.ts(108,36): error TS2349: This expression is not callable.
  Each member of the union type '{ <ResultDoc = Document<unknown, {}, IUser, {}, {}> & IUser & { _id: ObjectId; } & { __v: number; }>(id: any, projection: ProjectionType<IUser>, options: QueryOptions<...> & { ...; }): Query<...>; <ResultDoc = Document<...> & ... 2 more ... & { ...; }>(id: any, projection?: ProjectionType<...>, options?: QueryOption...' has signatures, but none of those signatures are compatible with each other.
app/api/system-check/route.ts(135,40): error TS2349: This expression is not callable.
  Each member of the union type '{ <ResultDoc = any>(filter: ObjectId | FilterQuery<Record<string, any>> | Query<any, any, {}, unknown, "find", Record<string, never>>, projection: ProjectionType<...>, options: QueryOptions<...> & ... 1 more ... & Abortable): Query<...>; <ResultDoc = any>(filter: ObjectId | ... 1 more ... | Query<...>, projection?: ...' has signatures, but none of those signatures are compatible with each other.
app/api/system-check/route.ts(136,46): error TS2349: This expression is not callable.
  Each member of the union type '{ <ResultDoc = any>(filter: ObjectId | FilterQuery<Record<string, any>> | Query<any, any, {}, unknown, "find", Record<string, never>>, projection: ProjectionType<...>, options: QueryOptions<...> & ... 1 more ... & Abortable): Query<...>; <ResultDoc = any>(filter: ObjectId | ... 1 more ... | Query<...>, projection?: ...' has signatures, but none of those signatures are compatible with each other.
app/api/system-check/route.ts(137,44): error TS2349: This expression is not callable.
  Each member of the union type '{ <ResultDoc = any>(filter: ObjectId | FilterQuery<Record<string, any>> | Query<any, any, {}, unknown, "find", Record<string, never>>, projection: ProjectionType<...>, options: QueryOptions<...> & ... 1 more ... & Abortable): Query<...>; <ResultDoc = any>(filter: ObjectId | ... 1 more ... | Query<...>, projection?: ...' has signatures, but none of those signatures are compatible with each other.
app/api/tables/route.ts(10,36): error TS2349: This expression is not callable.
  Each member of the union type '{ <ResultDoc = any>(filter: ObjectId | FilterQuery<Record<string, any>> | Query<any, any, {}, unknown, "find", Record<string, never>>, projection: ProjectionType<...>, options: QueryOptions<...> & ... 1 more ... & Abortable): Query<...>; <ResultDoc = any>(filter: ObjectId | ... 1 more ... | Query<...>, projection?: ...' has signatures, but none of those signatures are compatible with each other.
app/api/users/[id]/route.ts(23,29): error TS2349: This expression is not callable.
  Each member of the union type '{ <ResultDoc = Document<unknown, {}, IUser, {}, {}> & IUser & { _id: ObjectId; } & { __v: number; }>(id: any, projection: ProjectionType<IUser>, options: QueryOptions<...> & { ...; }): Query<...>; <ResultDoc = Document<...> & ... 2 more ... & { ...; }>(id: any, projection?: ProjectionType<...>, options?: QueryOption...' has signatures, but none of those signatures are compatible with each other.
app/api/users/[id]/route.ts(116,33): error TS2349: This expression is not callable.
  Each member of the union type '{ <ResultDoc = Document<unknown, {}, IUser, {}, {}> & IUser & { _id: ObjectId; } & { __v: number; }>(id: any, projection: ProjectionType<IUser>, options: QueryOptions<...> & { ...; }): Query<...>; <ResultDoc = Document<...> & ... 2 more ... & { ...; }>(id: any, projection?: ProjectionType<...>, options?: QueryOption...' has signatures, but none of those signatures are compatible with each other.
app/api/users/[id]/route.ts(125,35): error TS2349: This expression is not callable.
  Each member of the union type '{ <ResultDoc = Document<unknown, {}, IUser, {}, {}> & IUser & { _id: ObjectId; } & { __v: number; }>(filter: ObjectId | Query<any, any, {}, unknown, "find", Record<string, never>> | FilterQuery<...>, projection: ProjectionType<...>, options: QueryOptions<...> & ... 1 more ... & Abortable): Query<...>; <ResultDoc = D...' has signatures, but none of those signatures are compatible with each other.
app/api/users/[id]/route.ts(153,38): error TS2349: This expression is not callable.
  Each member of the union type '{ <ResultDoc = Document<unknown, {}, IUser, {}, {}> & IUser & { _id: ObjectId; } & { __v: number; }>(filter: ObjectId | Query<any, any, {}, unknown, "find", Record<string, never>> | FilterQuery<...>, projection: ProjectionType<...>, options: QueryOptions<...> & ... 1 more ... & Abortable): Query<...>; <ResultDoc = D...' has signatures, but none of those signatures are compatible with each other.
app/api/users/[id]/route.ts(182,32): error TS2349: This expression is not callable.
  Each member of the union type '{ <ResultDoc = Document<unknown, {}, IUser, {}, {}> & IUser & { _id: ObjectId; } & { __v: number; }>(filter: ObjectId | Query<any, any, {}, unknown, "find", Record<string, never>> | FilterQuery<...>, update: UpdateQuery<...>, options: QueryOptions<...> & { ...; }): Query<...>; <ResultDoc = Document<...> & ... 2 more...' has signatures, but none of those signatures are compatible with each other.
app/api/users/[id]/route.ts(214,43): error TS2349: This expression is not callable.
  Each member of the union type '{ <ResultDoc = Document<unknown, {}, IUser, {}, {}> & IUser & { _id: ObjectId; } & { __v: number; }>(id: any, projection: ProjectionType<IUser>, options: QueryOptions<...> & { ...; }): Query<...>; <ResultDoc = Document<...> & ... 2 more ... & { ...; }>(id: any, projection?: ProjectionType<...>, options?: QueryOption...' has signatures, but none of those signatures are compatible with each other.
app/api/users/[id]/route.ts(273,37): error TS2349: This expression is not callable.
  Each member of the union type '{ <ResultDoc = Document<unknown, {}, IUser, {}, {}> & IUser & { _id: ObjectId; } & { __v: number; }>(id: any, projection: ProjectionType<IUser>, options: QueryOptions<...> & { ...; }): Query<...>; <ResultDoc = Document<...> & ... 2 more ... & { ...; }>(id: any, projection?: ProjectionType<...>, options?: QueryOption...' has signatures, but none of those signatures are compatible with each other.
app/api/users/[id]/route.ts(301,16): error TS2349: This expression is not callable.
  Each member of the union type '{ <ResultDoc = Document<unknown, {}, IUser, {}, {}> & IUser & { _id: ObjectId; } & { __v: number; }>(id: any, options: QueryOptions<IUser> & { lean: true; }): Query<...>; <ResultDoc = Document<...> & ... 2 more ... & { ...; }>(id: any, options: QueryOptions<...> & { ...; }): Query<...>; <ResultDoc = Document<...> & ...' has signatures, but none of those signatures are compatible with each other.
app/api/users/route.ts(20,30): error TS2349: This expression is not callable.
  Each member of the union type '{ <ResultDoc = Document<unknown, {}, IUser, {}, {}> & IUser & { _id: ObjectId; } & { __v: number; }>(filter: ObjectId | Query<any, any, {}, unknown, "find", Record<string, never>> | FilterQuery<...>, projection: ProjectionType<...>, options: QueryOptions<...> & ... 1 more ... & Abortable): Query<...>; <ResultDoc = D...' has signatures, but none of those signatures are compatible with each other.
app/api/users/route.ts(58,37): error TS2349: This expression is not callable.
  Each member of the union type '{ <ResultDoc = Document<unknown, {}, IUser, {}, {}> & IUser & { _id: ObjectId; } & { __v: number; }>(filter: ObjectId | Query<any, any, {}, unknown, "find", Record<string, never>> | FilterQuery<...>, projection: ProjectionType<...>, options: QueryOptions<...> & ... 1 more ... & Abortable): Query<...>; <ResultDoc = D...' has signatures, but none of those signatures are compatible with each other.
app/api/users/route.ts(83,29): error TS2349: This expression is not callable.
  Each member of the union type '{ <DocContents = AnyKeys<IUser>>(docs: (IUser | DocContents)[], options: CreateOptions & { aggregateErrors: true; }): Promise<((Document<unknown, {}, IUser, {}, {}> & IUser & { ...; } & { ...; }) | Error)[]>; <DocContents = AnyKeys<...>>(docs: (IUser | DocContents)[], options?: CreateOptions): Promise<...>; <DocCont...' has signatures, but none of those signatures are compatible with each other.
app/layout.tsx(24,37): error TS2349: This expression is not callable.
  Each member of the union type '{ <ResultDoc = any>(filter: ObjectId | FilterQuery<Record<string, any>> | Query<any, any, {}, unknown, "find", Record<string, never>>, projection: ProjectionType<...>, options: QueryOptions<...> & ... 1 more ... & Abortable): Query<...>; <ResultDoc = any>(filter: ObjectId | ... 1 more ... | Query<...>, projection?: ...' has signatures, but none of those signatures are compatible with each other.
components/ui/calendar.tsx(9,10): error TS2724: '"react-day-picker"' has no exported member named 'DayButton'. Did you mean 'Button'?
components/ui/calendar.tsx(9,32): error TS2305: Module '"react-day-picker"' has no exported member 'getDefaultClassNames'.
components/ui/calendar.tsx(18,3): error TS2322: Type '"label"' is not assignable to type 'CaptionLayout'.
components/ui/calendar.tsx(39,9): error TS2353: Object literal may only specify known properties, and 'formatMonthDropdown' does not exist in type 'Partial<Formatters>'.
components/ui/calendar.tsx(54,9): error TS2561: Object literal may only specify known properties, but 'button_previous' does not exist in type 'Partial<StyledElement<string>>'. Did you mean to write 'nav_button_previous'?
components/ui/calendar.tsx(82,11): error TS2367: This comparison appears to be unintentional because the types 'CaptionLayout' and '"label"' have no overlap.
components/ui/calendar.tsx(128,9): error TS2353: Object literal may only specify known properties, and 'Root' does not exist in type 'CustomComponents'.
components/ui/calendar.tsx(159,24): error TS2339: Property 'children' does not exist on type 'WeekNumberProps'.
components/ui/form.tsx(14,8): error TS2307: Cannot find module 'react-hook-form' or its corresponding type declarations.
components/ui/resizable.tsx(5,37): error TS2307: Cannot find module 'react-resizable-panels' or its corresponding type declarations.
lib/auth.ts(56,33): error TS2349: This expression is not callable.
  Each member of the union type '{ <ResultDoc = Document<unknown, {}, IUser, {}, {}> & IUser & { _id: ObjectId; } & { __v: number; }>(id: any, projection: ProjectionType<IUser>, options: QueryOptions<...> & { ...; }): Query<...>; <ResultDoc = Document<...> & ... 2 more ... & { ...; }>(id: any, projection?: ProjectionType<...>, options?: QueryOption...' has signatures, but none of those signatures are compatible with each other.
lib/stock-logic.ts(11,44): error TS2349: This expression is not callable.
  Each member of the union type '{ <ResultDoc = any>(filter: ObjectId | FilterQuery<Record<string, any>> | Query<any, any, {}, unknown, "find", Record<string, never>>, projection: ProjectionType<...>, options: QueryOptions<...> & ... 1 more ... & Abortable): Query<...>; <ResultDoc = any>(filter: ObjectId | ... 1 more ... | Query<...>, projection?: ...' has signatures, but none of those signatures are compatible with each other.
lib/stock-logic.ts(47,36): error TS2349: This expression is not callable.
  Each member of the union type '{ <ResultDoc = any>(filter: ObjectId | FilterQuery<Record<string, any>> | Query<any, any, {}, unknown, "find", Record<string, never>>, projection: ProjectionType<...>, options: QueryOptions<...> & ... 1 more ... & Abortable): Query<...>; <ResultDoc = any>(filter: ObjectId | ... 1 more ... | Query<...>, projection?: ...' has signatures, but none of those signatures are compatible with each other.
lib/stock-logic.ts(94,21): error TS2349: This expression is not callable.
  Each member of the union type '{ <DocContents = any>(writes: AnyBulkWriteOperation<DocContents extends Document ? DocContents : any>[], options: BulkWriteOptions & MongooseBulkWriteOptions & { ...; }): Promise<...>; <DocContents = any>(writes: AnyBulkWriteOperation<...>[], options?: BulkWriteOptions & MongooseBulkWriteOptions): Promise<...>; } | ...' has signatures, but none of those signatures are compatible with each other.
scripts/seed-admin.ts(36,38): error TS2349: This expression is not callable.
  Each member of the union type '{ <ResultDoc = Document<unknown, {}, IUser, {}, {}> & IUser & { _id: ObjectId; } & { __v: number; }>(filter: ObjectId | Query<any, any, {}, unknown, "find", Record<string, never>> | FilterQuery<...>, projection: ProjectionType<...>, options: QueryOptions<...> & ... 1 more ... & Abortable): Query<...>; <ResultDoc = D...' has signatures, but none of those signatures are compatible with each other.
scripts/seed-atlas.ts(33,20): error TS2349: This expression is not callable.
  Each member of the union type '{ <ResultDoc = any>(filter: ObjectId | FilterQuery<Record<string, any>> | Query<any, any, {}, unknown, "find", Record<string, never>>, update: UpdateQuery<...>, options: QueryOptions<...> & { ...; }): Query<...>; <ResultDoc = any>(filter: ObjectId | ... 1 more ... | Query<...>, update: UpdateQuery<...>, options: Que...' has signatures, but none of those signatures are compatible with each other.
server/routes/auth.ts(11,37): error TS2349: This expression is not callable.
  Each member of the union type '{ <ResultDoc = Document<unknown, {}, IUser, {}, {}> & IUser & { _id: ObjectId; } & { __v: number; }>(filter: ObjectId | Query<any, any, {}, unknown, "find", Record<string, never>> | FilterQuery<...>, projection: ProjectionType<...>, options: QueryOptions<...> & ... 1 more ... & Abortable): Query<...>; <ResultDoc = D...' has signatures, but none of those signatures are compatible with each other.
server/routes/auth.ts(31,29): error TS2349: This expression is not callable.
  Each member of the union type '{ <ResultDoc = Document<unknown, {}, IUser, {}, {}> & IUser & { _id: ObjectId; } & { __v: number; }>(filter: ObjectId | Query<any, any, {}, unknown, "find", Record<string, never>> | FilterQuery<...>, projection: ProjectionType<...>, options: QueryOptions<...> & ... 1 more ... & Abortable): Query<...>; <ResultDoc = D...' has signatures, but none of those signatures are compatible with each other.
server/routes/orders.ts(40,32): error TS2349: This expression is not callable.
  Each member of the union type '{ <ResultDoc = any>(filter: ObjectId | FilterQuery<Record<string, any>> | Query<any, any, {}, unknown, "find", Record<string, never>>, projection: ProjectionType<...>, options: QueryOptions<...> & ... 1 more ... & Abortable): Query<...>; <ResultDoc = any>(filter: ObjectId | ... 1 more ... | Query<...>, projection?: ...' has signatures, but none of those signatures are compatible with each other.
server/routes/orders.ts(50,31): error TS2349: This expression is not callable.
  Each member of the union type '{ <ResultDoc = any>(filter: ObjectId | FilterQuery<Record<string, any>> | Query<any, any, {}, unknown, "find", Record<string, never>>, update: UpdateQuery<...>, options: QueryOptions<...> & { ...; }): Query<...>; <ResultDoc = any>(id: any, update: UpdateQuery<...>, options: QueryOptions<...> & { ...; }): Query<...>;...' has signatures, but none of those signatures are compatible with each other.
server/routes/users.ts(9,30): error TS2349: This expression is not callable.
  Each member of the union type '{ <ResultDoc = any>(filter: ObjectId | FilterQuery<Record<string, any>> | Query<any, any, {}, unknown, "find", Record<string, never>>, projection: ProjectionType<...>, options: QueryOptions<...> & ... 1 more ... & Abortable): Query<...>; <ResultDoc = any>(filter: ObjectId | ... 1 more ... | Query<...>, projection?: ...' has signatures, but none of those signatures are compatible with each other.
server/routes/users.ts(19,29): error TS2349: This expression is not callable.
  Each member of the union type '{ <ResultDoc = any>(filter: ObjectId | FilterQuery<Record<string, any>> | Query<any, any, {}, unknown, "find", Record<string, never>>, update: UpdateQuery<...>, options: QueryOptions<...> & { ...; }): Query<...>; <ResultDoc = any>(id: any, update: UpdateQuery<...>, options: QueryOptions<...> & { ...; }): Query<...>;...' has signatures, but none of those signatures are compatible with each other.
server/routes/users.ts(28,16): error TS2349: This expression is not callable.
  Each member of the union type '{ <ResultDoc = any>(id: any, options: QueryOptions<any> & { lean: true; }): Query<(FlattenMaps<any> & Required<{ _id: unknown; }> & { __v: number; })[] | (FlattenMaps<any> & Required<...> & { ...; }), ... 4 more ..., {}>; <ResultDoc = any>(id: any, options: QueryOptions<...> & { ...; }): Query<...>; <ResultDoc = any...' has signatures, but none of those signatures are compatible with each other.
